2022-03-27 00:00:02.656 | SUCCESS  | __main__:_participate:239 - Successful! You are participating in the drawing. (300 ₽)
https://lolz.guru/threads/3686957/
2022-03-27 00:00:16.877 | ERROR    | __main__:_main:746 - Parsing error
Update cookie or wait for correct server response
2022-03-27 00:00:35.951 | SUCCESS  | __main__:_participate:239 - Successful! You are participating in the drawing. (303 ₽)
https://lolz.guru/threads/3687041/
2022-03-27 00:00:49.123 | SUCCESS  | __main__:_participate:239 - Successful! You are participating in the drawing. (303 ₽)
https://lolz.guru/threads/3687002/
2022-03-27 00:01:03.686 | SUCCESS  | __main__:_participate:239 - Successful! You are participating in the drawing. (300 ₽)
https://lolz.guru/threads/3686977/
2022-03-27 00:01:19.116 | SUCCESS  | __main__:_participate:239 - Successful! You are participating in the drawing. (300 ₽)
https://lolz.guru/threads/3686912/
2022-03-27 00:01:31.691 | SUCCESS  | __main__:_participate:239 - Successful! You are participating in the drawing. (305 ₽)
https://lolz.guru/threads/3686979/
2022-03-27 00:01:46.401 | SUCCESS  | __main__:_participate:239 - Successful! You are participating in the drawing. (300 ₽)
https://lolz.guru/threads/3687027/
2022-03-27 00:01:59.900 | SUCCESS  | __main__:_participate:239 - Successful! You are participating in the drawing. (500 ₽)
https://lolz.guru/threads/3686981/
2022-03-27 00:02:17.346 | SUCCESS  | __main__:_participate:239 - Successful! You are participating in the drawing. (303 ₽)
https://lolz.guru/threads/3687065/
2022-03-27 00:02:32.238 | SUCCESS  | __main__:_participate:239 - Successful! You are participating in the drawing. (303 ₽)
https://lolz.guru/threads/3687067/
2022-03-27 00:02:50.457 | SUCCESS  | __main__:_participate:239 - Successful! You are participating in the drawing. (500 ₽)
https://lolz.guru/threads/3687071/
2022-03-27 00:03:06.672 | SUCCESS  | __main__:_participate:239 - Successful! You are participating in the drawing. (303 ₽)
https://lolz.guru/threads/3687056/
2022-03-27 00:03:19.466 | ERROR    | __main__:_main:746 - Parsing error
Update cookie or wait for correct server response
2022-03-27 00:03:37.380 | SUCCESS  | __main__:_participate:239 - Successful! You are participating in the drawing. (303 ₽)
https://lolz.guru/threads/3686963/
2022-03-27 00:03:52.276 | SUCCESS  | __main__:_participate:239 - Successful! You are participating in the drawing. (303 ₽)
https://lolz.guru/threads/3687101/
2022-03-27 00:04:06.409 | SUCCESS  | __main__:_participate:239 - Successful! You are participating in the drawing. (303 ₽)
https://lolz.guru/threads/3687057/
2022-03-27 00:04:23.636 | SUCCESS  | __main__:_participate:239 - Successful! You are participating in the drawing. (301 ₽)
https://lolz.guru/threads/3686998/
2022-03-27 00:04:37.371 | SUCCESS  | __main__:_participate:239 - Successful! You are participating in the drawing. (303 ₽)
https://lolz.guru/threads/3687008/
2022-03-27 00:04:50.981 | SUCCESS  | __main__:_participate:239 - Successful! You are participating in the drawing. (300 ₽)
https://lolz.guru/threads/3686930/
2022-03-27 00:05:08.423 | SUCCESS  | __main__:_participate:239 - Successful! You are participating in the drawing. (300 ₽)
https://lolz.guru/threads/3687093/
2022-03-27 00:05:21.830 | SUCCESS  | __main__:_participate:239 - Successful! You are participating in the drawing. (303 ₽)
https://lolz.guru/threads/3687028/
2022-03-27 00:05:35.376 | SUCCESS  | __main__:_participate:239 - Successful! You are participating in the drawing. (303 ₽)
https://lolz.guru/threads/3686991/
2022-03-27 00:05:48.910 | SUCCESS  | __main__:_participate:239 - Successful! You are participating in the drawing. (301 ₽)
https://lolz.guru/threads/3686911/
2022-03-27 00:06:06.802 | SUCCESS  | __main__:_participate:239 - Successful! You are participating in the drawing. (300 ₽)
https://lolz.guru/threads/3687013/
2022-03-27 00:06:23.133 | SUCCESS  | __main__:_participate:239 - Successful! You are participating in the drawing. (303 ₽)
https://lolz.guru/threads/3687098/
2022-03-27 00:06:39.696 | SUCCESS  | __main__:_participate:239 - Successful! You are participating in the drawing. (302 ₽)
https://lolz.guru/threads/3687016/
2022-03-27 00:06:53.254 | SUCCESS  | __main__:_participate:239 - Successful! You are participating in the drawing. (303 ₽)
https://lolz.guru/threads/3686990/
2022-03-27 00:07:07.868 | SUCCESS  | __main__:_participate:239 - Successful! You are participating in the drawing. (303 ₽)
https://lolz.guru/threads/3687022/
2022-03-27 00:07:23.696 | SUCCESS  | __main__:_participate:239 - Successful! You are participating in the drawing. (303 ₽)
https://lolz.guru/threads/3686932/
2022-03-27 00:07:37.950 | SUCCESS  | __main__:_participate:239 - Successful! You are participating in the drawing. (500 ₽)
https://lolz.guru/threads/3686760/
2022-03-27 00:07:55.516 | SUCCESS  | __main__:_participate:239 - Successful! You are participating in the drawing. (300 ₽)
https://lolz.guru/threads/3686922/
2022-03-27 00:08:08.145 | SUCCESS  | __main__:_participate:239 - Successful! You are participating in the drawing. (300 ₽)
https://lolz.guru/threads/3686919/
2022-03-27 00:08:25.492 | SUCCESS  | __main__:_participate:239 - Successful! You are participating in the drawing. (303 ₽)
https://lolz.guru/threads/3686937/
2022-03-27 00:08:42.361 | SUCCESS  | __main__:_participate:239 - Successful! You are participating in the drawing. (500 ₽)
https://lolz.guru/threads/3686799/
2022-03-27 00:08:58.969 | SUCCESS  | __main__:_participate:239 - Successful! You are participating in the drawing. (303 ₽)
https://lolz.guru/threads/3686947/
2022-03-27 00:09:18.411 | SUCCESS  | __main__:_participate:239 - Successful! You are participating in the drawing. (303 ₽)
https://lolz.guru/threads/3686929/
2022-03-27 00:09:34.946 | SUCCESS  | __main__:_participate:239 - Successful! You are participating in the drawing. (301 ₽)
https://lolz.guru/threads/3686923/
2022-03-27 00:09:51.741 | SUCCESS  | __main__:_participate:239 - Successful! You are participating in the drawing. (300 ₽)
https://lolz.guru/threads/3686938/
2022-03-27 00:10:08.817 | SUCCESS  | __main__:_participate:239 - Successful! You are participating in the drawing. (303 ₽)
https://lolz.guru/threads/3686944/
2022-03-27 00:10:24.403 | SUCCESS  | __main__:_participate:239 - Successful! You are participating in the drawing. (500 ₽)
https://lolz.guru/threads/3686844/
2022-03-27 00:10:43.447 | SUCCESS  | __main__:_participate:239 - Successful! You are participating in the drawing. (500 ₽)
https://lolz.guru/threads/3686798/
2022-03-27 00:11:02.870 | SUCCESS  | __main__:_participate:239 - Successful! You are participating in the drawing. (300 ₽)
https://lolz.guru/threads/3686746/
2022-03-27 00:11:21.337 | SUCCESS  | __main__:_participate:239 - Successful! You are participating in the drawing. (500 ₽)
https://lolz.guru/threads/3686768/
2022-03-27 00:11:47.474 | INFO     | __main__:_main:482 - No available threads
2022-03-27 00:16:31.358 | SUCCESS  | __main__:_participate:239 - Successful! You are participating in the drawing. (303 ₽)
https://lolz.guru/threads/3687162/
2022-03-27 00:16:50.879 | SUCCESS  | __main__:_participate:239 - Successful! You are participating in the drawing. (303 ₽)
https://lolz.guru/threads/3687179/
2022-03-27 00:17:09.056 | SUCCESS  | __main__:_participate:239 - Successful! You are participating in the drawing. (300 ₽)
https://lolz.guru/threads/3687196/
2022-03-27 00:17:24.490 | SUCCESS  | __main__:_participate:239 - Successful! You are participating in the drawing. (303 ₽)
https://lolz.guru/threads/3687199/
2022-03-27 00:17:42.745 | SUCCESS  | __main__:_participate:239 - Successful! You are participating in the drawing. (303 ₽)
https://lolz.guru/threads/3687157/
2022-03-27 00:17:58.519 | SUCCESS  | __main__:_participate:239 - Successful! You are participating in the drawing. (300 ₽)
https://lolz.guru/threads/3687186/
2022-03-27 00:18:12.713 | SUCCESS  | __main__:_participate:239 - Successful! You are participating in the drawing. (300 ₽)
https://lolz.guru/threads/3687226/
2022-03-27 00:18:26.591 | SUCCESS  | __main__:_participate:239 - Successful! You are participating in the drawing. (300 ₽)
https://lolz.guru/threads/3687214/
2022-03-27 00:18:39.316 | SUCCESS  | __main__:_participate:239 - Successful! You are participating in the drawing. (300 ₽)
https://lolz.guru/threads/3687219/
2022-03-27 00:18:55.525 | SUCCESS  | __main__:_participate:239 - Successful! You are participating in the drawing. (303 ₽)
https://lolz.guru/threads/3687203/
2022-03-27 00:19:13.841 | SUCCESS  | __main__:_participate:239 - Successful! You are participating in the drawing. (303 ₽)
https://lolz.guru/threads/3687210/
2022-03-27 00:19:27.718 | SUCCESS  | __main__:_participate:239 - Successful! You are participating in the drawing. (300 ₽)
https://lolz.guru/threads/3687228/
2022-03-27 00:19:41.167 | SUCCESS  | __main__:_participate:239 - Successful! You are participating in the drawing. (303 ₽)
https://lolz.guru/threads/3687156/
2022-03-27 00:19:54.310 | SUCCESS  | __main__:_participate:239 - Successful! You are participating in the drawing. (303 ₽)
https://lolz.guru/threads/3687194/
2022-03-27 00:20:09.037 | SUCCESS  | __main__:_participate:239 - Successful! You are participating in the drawing. (303 ₽)
https://lolz.guru/threads/3687191/
2022-03-27 00:20:23.747 | SUCCESS  | __main__:_participate:239 - Successful! You are participating in the drawing. (300 ₽)
https://lolz.guru/threads/3686857/
2022-03-27 00:20:39.327 | SUCCESS  | __main__:_participate:239 - Successful! You are participating in the drawing. (500 ₽)
https://lolz.guru/threads/3686847/
2022-03-27 00:20:53.665 | SUCCESS  | __main__:_participate:239 - Successful! You are participating in the drawing. (500 ₽)
https://lolz.guru/threads/3686845/
2022-03-27 00:21:07.027 | SUCCESS  | __main__:_participate:239 - Successful! You are participating in the drawing. (300 ₽)
https://lolz.guru/threads/3686645/
2022-03-27 00:21:24.606 | SUCCESS  | __main__:_participate:239 - Successful! You are participating in the drawing. (333 ₽)
https://lolz.guru/threads/3686682/
2022-03-27 00:21:39.624 | SUCCESS  | __main__:_participate:239 - Successful! You are participating in the drawing. (500 ₽)
https://lolz.guru/threads/3686705/
2022-03-27 00:21:53.674 | SUCCESS  | __main__:_participate:239 - Successful! You are participating in the drawing. (300 ₽)
https://lolz.guru/threads/3686384/
2022-03-27 00:22:07.415 | SUCCESS  | __main__:_participate:239 - Successful! You are participating in the drawing. (500 ₽)
https://lolz.guru/threads/3686421/
2022-03-27 00:22:31.343 | INFO     | __main__:_main:482 - No available threads
2022-03-27 00:27:33.000 | SUCCESS  | __main__:_participate:239 - Successful! You are participating in the drawing. (303 ₽)
https://lolz.guru/threads/3687319/
2022-03-27 00:27:47.564 | SUCCESS  | __main__:_participate:239 - Successful! You are participating in the drawing. (300 ₽)
https://lolz.guru/threads/3687323/
2022-03-27 00:28:04.898 | SUCCESS  | __main__:_participate:239 - Successful! You are participating in the drawing. (300 ₽)
https://lolz.guru/threads/3687302/
2022-03-27 00:28:22.219 | SUCCESS  | __main__:_participate:239 - Successful! You are participating in the drawing. (303 ₽)
https://lolz.guru/threads/3687309/
2022-03-27 00:28:36.790 | SUCCESS  | __main__:_participate:239 - Successful! You are participating in the drawing. (300 ₽)
https://lolz.guru/threads/3687303/
2022-03-27 00:29:08.617 | INFO     | __main__:_main:482 - No available threads
2022-03-27 00:33:32.640 | SUCCESS  | __main__:_participate:239 - Successful! You are participating in the drawing. (300 ₽)
https://lolz.guru/threads/3687262/
2022-03-27 00:33:53.618 | SUCCESS  | __main__:_participate:239 - Successful! You are participating in the drawing. (303 ₽)
https://lolz.guru/threads/3687239/
2022-03-27 00:34:14.551 | SUCCESS  | __main__:_participate:239 - Successful! You are participating in the drawing. (300 ₽)
https://lolz.guru/threads/3687243/
2022-03-27 00:34:39.657 | SUCCESS  | __main__:_participate:239 - Successful! You are participating in the drawing. (500 ₽)
https://lolz.guru/threads/3687244/
2022-03-27 00:34:57.500 | SUCCESS  | __main__:_participate:239 - Successful! You are participating in the drawing. (300 ₽)
https://lolz.guru/threads/3687248/
2022-03-27 00:35:13.491 | SUCCESS  | __main__:_participate:239 - Successful! You are participating in the drawing. (400 ₽)
https://lolz.guru/threads/3687266/
2022-03-27 00:35:28.032 | SUCCESS  | __main__:_participate:239 - Successful! You are participating in the drawing. (303 ₽)
https://lolz.guru/threads/3687358/
2022-03-27 00:35:45.619 | SUCCESS  | __main__:_participate:239 - Successful! You are participating in the drawing. (300 ₽)
https://lolz.guru/threads/3687279/
2022-03-27 00:36:05.107 | SUCCESS  | __main__:_participate:239 - Successful! You are participating in the drawing. (351 ₽)
https://lolz.guru/threads/3687267/
2022-03-27 00:36:21.870 | SUCCESS  | __main__:_participate:239 - Successful! You are participating in the drawing. (300 ₽)
https://lolz.guru/threads/3687252/
2022-03-27 00:36:53.732 | INFO     | __main__:_main:482 - No available threads
2022-03-27 00:39:54.063 | SUCCESS  | __main__:_participate:239 - Successful! You are participating in the drawing. (300 ₽)
https://lolz.guru/threads/3687375/
2022-03-27 00:40:21.384 | INFO     | __main__:_main:482 - No available threads
2022-03-27 00:43:12.530 | SUCCESS  | __main__:_participate:239 - Successful! You are participating in the drawing. (300 ₽)
https://lolz.guru/threads/3687397/
2022-03-27 00:43:29.637 | SUCCESS  | __main__:_participate:239 - Successful! You are participating in the drawing. (303 ₽)
https://lolz.guru/threads/3687431/
2022-03-27 00:43:46.144 | SUCCESS  | __main__:_participate:239 - Successful! You are participating in the drawing. (333 ₽)
https://lolz.guru/threads/3687420/
2022-03-27 00:44:01.274 | SUCCESS  | __main__:_participate:239 - Successful! You are participating in the drawing. (370 ₽)
https://lolz.guru/threads/3687410/
2022-03-27 00:44:18.846 | SUCCESS  | __main__:_participate:239 - Successful! You are participating in the drawing. (300 ₽)
https://lolz.guru/threads/3687422/
2022-03-27 00:44:47.647 | INFO     | __main__:_main:482 - No available threads
2022-03-27 00:49:41.416 | SUCCESS  | __main__:_participate:239 - Successful! You are participating in the drawing. (300 ₽)
https://lolz.guru/threads/3687446/
2022-03-27 00:49:58.279 | SUCCESS  | __main__:_participate:239 - Successful! You are participating in the drawing. (300 ₽)
https://lolz.guru/threads/3687437/
2022-03-27 00:50:15.726 | SUCCESS  | __main__:_participate:239 - Successful! You are participating in the drawing. (300 ₽)
https://lolz.guru/threads/3687444/
2022-03-27 00:50:32.592 | SUCCESS  | __main__:_participate:239 - Successful! You are participating in the drawing. (303 ₽)
https://lolz.guru/threads/3687434/
2022-03-27 00:50:53.076 | SUCCESS  | __main__:_participate:239 - Successful! You are participating in the drawing. (300 ₽)
https://lolz.guru/threads/3687438/
2022-03-27 00:51:11.287 | SUCCESS  | __main__:_participate:239 - Successful! You are participating in the drawing. (300 ₽)
https://lolz.guru/threads/3687442/
2022-03-27 00:51:37.086 | INFO     | __main__:_main:482 - No available threads
2022-03-27 00:55:08.037 | SUCCESS  | __main__:_participate:239 - Successful! You are participating in the drawing. (300 ₽)
https://lolz.guru/threads/3687471/
2022-03-27 00:56:00.406 | SUCCESS  | __main__:_participate:239 - Successful! You are participating in the drawing. (300 ₽)
https://lolz.guru/threads/3687490/
2022-03-27 00:56:17.067 | SUCCESS  | __main__:_participate:239 - Successful! You are participating in the drawing. (300 ₽)
https://lolz.guru/threads/3687491/
2022-03-27 00:56:30.191 | SUCCESS  | __main__:_participate:239 - Successful! You are participating in the drawing. (300 ₽)
https://lolz.guru/threads/3687498/
2022-03-27 00:56:44.462 | SUCCESS  | __main__:_participate:239 - Successful! You are participating in the drawing. (300 ₽)
https://lolz.guru/threads/3687483/
2022-03-27 00:57:03.318 | SUCCESS  | __main__:_participate:239 - Successful! You are participating in the drawing. (300 ₽)
https://lolz.guru/threads/3687486/
2022-03-27 00:57:20.606 | SUCCESS  | __main__:_participate:239 - Successful! You are participating in the drawing. 
https://lolz.guru/threads/3687416/
2022-03-27 00:57:35.572 | SUCCESS  | __main__:_participate:239 - Successful! You are participating in the drawing. (300 ₽)
https://lolz.guru/threads/3687465/
2022-03-27 00:57:53.880 | SUCCESS  | __main__:_participate:239 - Successful! You are participating in the drawing. (300 ₽)
https://lolz.guru/threads/3687479/
2022-03-27 00:58:08.209 | SUCCESS  | __main__:_participate:239 - Successful! You are participating in the drawing. (300 ₽)
https://lolz.guru/threads/3687495/
2022-03-27 00:58:26.697 | SUCCESS  | __main__:_participate:239 - Successful! You are participating in the drawing. (300 ₽)
https://lolz.guru/threads/3687477/
2022-03-27 00:58:53.873 | INFO     | __main__:_main:482 - No available threads
2022-03-27 01:03:47.687 | SUCCESS  | __main__:_participate:239 - Successful! You are participating in the drawing. (300 ₽)
https://lolz.guru/threads/3687537/
2022-03-27 01:04:04.085 | SUCCESS  | __main__:_participate:239 - Successful! You are participating in the drawing. (300 ₽)
https://lolz.guru/threads/3687550/
2022-03-27 01:04:20.533 | SUCCESS  | __main__:_participate:239 - Successful! You are participating in the drawing. (300 ₽)
https://lolz.guru/threads/3687548/
2022-03-27 01:04:38.484 | SUCCESS  | __main__:_participate:239 - Successful! You are participating in the drawing. (303 ₽)
https://lolz.guru/threads/3687528/
2022-03-27 01:04:57.113 | SUCCESS  | __main__:_participate:239 - Successful! You are participating in the drawing. (300 ₽)
https://lolz.guru/threads/3687502/
2022-03-27 01:05:24.889 | INFO     | __main__:_main:482 - No available threads
2022-03-27 01:08:15.331 | SUCCESS  | __main__:_participate:239 - Successful! You are participating in the drawing. (334 ₽)
https://lolz.guru/threads/3687561/
2022-03-27 01:08:42.817 | INFO     | __main__:_main:482 - No available threads
2022-03-27 01:13:06.711 | SUCCESS  | __main__:_participate:239 - Successful! You are participating in the drawing. (500 ₽)
https://lolz.guru/threads/3687610/
2022-03-27 01:13:24.627 | SUCCESS  | __main__:_participate:239 - Successful! You are participating in the drawing. (301 ₽)
https://lolz.guru/threads/3687613/
2022-03-27 01:13:42.180 | SUCCESS  | __main__:_participate:239 - Successful! You are participating in the drawing. (300 ₽)
https://lolz.guru/threads/3687607/
2022-03-27 01:13:57.600 | SUCCESS  | __main__:_participate:239 - Successful! You are participating in the drawing. (500 ₽)
https://lolz.guru/threads/3687583/
2022-03-27 01:14:22.016 | INFO     | __main__:_main:482 - No available threads
2022-03-27 01:19:09.511 | SUCCESS  | __main__:_participate:239 - Successful! You are participating in the drawing. (300 ₽)
https://lolz.guru/threads/3687630/
2022-03-27 01:19:35.453 | INFO     | __main__:_main:482 - No available threads
2022-03-27 01:22:16.269 | SUCCESS  | __main__:_participate:239 - Successful! You are participating in the drawing. (501 ₽)
https://lolz.guru/threads/3687657/
2022-03-27 01:22:43.237 | INFO     | __main__:_main:482 - No available threads
2022-03-27 01:27:36.652 | INFO     | __main__:_main:482 - No available threads
2022-03-27 01:30:10.000 | INFO     | __main__:_main:482 - No available threads
2022-03-27 01:34:58.428 | SUCCESS  | __main__:_participate:239 - Successful! You are participating in the drawing. (300 ₽)
https://lolz.guru/threads/3687722/
2022-03-27 01:35:16.317 | SUCCESS  | __main__:_participate:239 - Successful! You are participating in the drawing. (300 ₽)
https://lolz.guru/threads/3687725/
2022-03-27 01:35:31.067 | SUCCESS  | __main__:_participate:239 - Successful! You are participating in the drawing. (300 ₽)
https://lolz.guru/threads/3687697/
2022-03-27 01:35:47.078 | SUCCESS  | __main__:_participate:239 - Successful! You are participating in the drawing. (300 ₽)
https://lolz.guru/threads/3687703/
2022-03-27 01:36:02.872 | SUCCESS  | __main__:_participate:239 - Successful! You are participating in the drawing. (300 ₽)
https://lolz.guru/threads/3687708/
2022-03-27 01:36:16.643 | SUCCESS  | __main__:_participate:239 - Successful! You are participating in the drawing. (300 ₽)
https://lolz.guru/threads/3687714/
2022-03-27 01:36:30.997 | SUCCESS  | __main__:_participate:239 - Successful! You are participating in the drawing. (300 ₽)
https://lolz.guru/threads/3687684/
2022-03-27 01:36:46.811 | SUCCESS  | __main__:_participate:239 - Successful! You are participating in the drawing. (300 ₽)
https://lolz.guru/threads/3687691/
2022-03-27 01:36:59.782 | SUCCESS  | __main__:_participate:239 - Successful! You are participating in the drawing. (300 ₽)
https://lolz.guru/threads/3687695/
2022-03-27 01:37:17.887 | SUCCESS  | __main__:_participate:239 - Successful! You are participating in the drawing. (300 ₽)
https://lolz.guru/threads/3687693/
2022-03-27 01:37:45.697 | INFO     | __main__:_main:482 - No available threads
2022-03-27 01:42:11.021 | INFO     | __main__:_main:482 - No available threads
2022-03-27 01:44:45.400 | INFO     | __main__:_main:482 - No available threads
2022-03-27 01:47:53.873 | SUCCESS  | __main__:_participate:239 - Successful! You are participating in the drawing. (301 ₽)
https://lolz.guru/threads/3687729/
2022-03-27 01:48:10.732 | SUCCESS  | __main__:_participate:239 - Successful! You are participating in the drawing. (300 ₽)
https://lolz.guru/threads/3687735/
2022-03-27 01:48:37.569 | INFO     | __main__:_main:482 - No available threads
2022-03-27 01:53:21.189 | SUCCESS  | __main__:_participate:239 - Successful! You are participating in the drawing. (333 ₽)
https://lolz.guru/threads/3687812/
2022-03-27 01:53:47.123 | INFO     | __main__:_main:482 - No available threads
2022-03-27 01:56:28.988 | SUCCESS  | __main__:_participate:239 - Successful! You are participating in the drawing. (333 ₽)
https://lolz.guru/threads/3687840/
2022-03-27 01:56:52.907 | INFO     | __main__:_main:482 - No available threads
2022-03-27 02:00:31.778 | SUCCESS  | __main__:_participate:239 - Successful! You are participating in the drawing. (300 ₽)
https://lolz.guru/threads/3687832/
2022-03-27 02:00:47.046 | SUCCESS  | __main__:_participate:239 - Successful! You are participating in the drawing. (300 ₽)
https://lolz.guru/threads/3687834/
2022-03-27 02:01:05.336 | SUCCESS  | __main__:_participate:239 - Successful! You are participating in the drawing. (300 ₽)
https://lolz.guru/threads/3687801/
2022-03-27 02:01:20.478 | SUCCESS  | __main__:_participate:239 - Successful! You are participating in the drawing. (316 ₽)
https://lolz.guru/threads/3687846/
2022-03-27 02:01:36.452 | SUCCESS  | __main__:_participate:239 - Successful! You are participating in the drawing. (300 ₽)
https://lolz.guru/threads/3687848/
2022-03-27 02:01:52.385 | SUCCESS  | __main__:_participate:239 - Successful! You are participating in the drawing. (300 ₽)
https://lolz.guru/threads/3687844/
2022-03-27 02:02:10.811 | SUCCESS  | __main__:_participate:239 - Successful! You are participating in the drawing. (303 ₽)
https://lolz.guru/threads/3687849/
2022-03-27 02:02:32.182 | SUCCESS  | __main__:_participate:239 - Successful! You are participating in the drawing. (300 ₽)
https://lolz.guru/threads/3687850/
2022-03-27 02:02:47.078 | SUCCESS  | __main__:_participate:239 - Successful! You are participating in the drawing. (300 ₽)
https://lolz.guru/threads/3687861/
2022-03-27 02:03:01.143 | SUCCESS  | __main__:_participate:239 - Successful! You are participating in the drawing. 
https://lolz.guru/threads/3687705/
2022-03-27 02:03:25.575 | INFO     | __main__:_main:482 - No available threads
2022-03-27 02:08:06.490 | SUCCESS  | __main__:_participate:239 - Successful! You are participating in the drawing. (300 ₽)
https://lolz.guru/threads/3687866/
2022-03-27 02:08:20.191 | SUCCESS  | __main__:_participate:239 - Successful! You are participating in the drawing. (300 ₽)
https://lolz.guru/threads/3687865/
2022-03-27 02:08:42.240 | INFO     | __main__:_main:482 - No available threads
2022-03-27 02:11:26.640 | SUCCESS  | __main__:_participate:239 - Successful! You are participating in the drawing. (333 ₽)
https://lolz.guru/threads/3687906/
2022-03-27 02:11:49.901 | INFO     | __main__:_main:482 - No available threads
2022-03-27 02:16:01.666 | SUCCESS  | __main__:_participate:239 - Successful! You are participating in the drawing. (333 ₽)
https://lolz.guru/threads/3687924/
2022-03-27 02:16:26.554 | INFO     | __main__:_main:482 - No available threads
2022-03-27 02:21:04.304 | SUCCESS  | __main__:_participate:239 - Successful! You are participating in the drawing. (300 ₽)
https://lolz.guru/threads/3687920/
2022-03-27 02:21:18.856 | SUCCESS  | __main__:_participate:239 - Successful! You are participating in the drawing. (300 ₽)
https://lolz.guru/threads/3687956/
2022-03-27 02:21:35.478 | SUCCESS  | __main__:_participate:239 - Successful! You are participating in the drawing. (300 ₽)
https://lolz.guru/threads/3687941/
2022-03-27 02:21:54.295 | SUCCESS  | __main__:_participate:239 - Successful! You are participating in the drawing. (300 ₽)
https://lolz.guru/threads/3687903/
2022-03-27 02:22:06.962 | SUCCESS  | __main__:_participate:239 - Successful! You are participating in the drawing. (303 ₽)
https://lolz.guru/threads/3687948/
2022-03-27 02:22:20.494 | SUCCESS  | __main__:_participate:239 - Successful! You are participating in the drawing. (500 ₽)
https://lolz.guru/threads/3687942/
2022-03-27 02:22:33.648 | SUCCESS  | __main__:_participate:239 - Successful! You are participating in the drawing. (300 ₽)
https://lolz.guru/threads/3687891/
2022-03-27 02:22:50.666 | SUCCESS  | __main__:_participate:239 - Successful! You are participating in the drawing. (300 ₽)
https://lolz.guru/threads/3687915/
2022-03-27 02:23:05.530 | SUCCESS  | __main__:_participate:239 - Successful! You are participating in the drawing. (300 ₽)
https://lolz.guru/threads/3687909/
2022-03-27 02:23:19.916 | SUCCESS  | __main__:_participate:239 - Successful! You are participating in the drawing. (480 ₽)
https://lolz.guru/threads/3687946/
2022-03-27 02:23:33.591 | SUCCESS  | __main__:_participate:239 - Successful! You are participating in the drawing. (300 ₽)
https://lolz.guru/threads/3687932/
2022-03-27 02:23:48.870 | SUCCESS  | __main__:_participate:239 - Successful! You are participating in the drawing. (300 ₽)
https://lolz.guru/threads/3687939/
2022-03-27 02:24:04.342 | SUCCESS  | __main__:_participate:239 - Successful! You are participating in the drawing. (300 ₽)
https://lolz.guru/threads/3687945/
2022-03-27 02:24:28.567 | INFO     | __main__:_main:482 - No available threads
2022-03-27 02:28:38.319 | SUCCESS  | __main__:_participate:239 - Successful! You are participating in the drawing. (300 ₽)
https://lolz.guru/threads/3687981/
2022-03-27 02:28:50.762 | SUCCESS  | __main__:_participate:239 - Successful! You are participating in the drawing. (300 ₽)
https://lolz.guru/threads/3687987/
2022-03-27 02:29:05.529 | SUCCESS  | __main__:_participate:239 - Successful! You are participating in the drawing. (300 ₽)
https://lolz.guru/threads/3687967/
2022-03-27 02:29:35.153 | INFO     | __main__:_main:482 - No available threads
2022-03-27 02:34:01.203 | SUCCESS  | __main__:_participate:239 - Successful! You are participating in the drawing. (300 ₽)
https://lolz.guru/threads/3687993/
2022-03-27 02:34:17.250 | SUCCESS  | __main__:_participate:239 - Successful! You are participating in the drawing. (500 ₽)
https://lolz.guru/threads/3688009/
2022-03-27 02:34:33.728 | SUCCESS  | __main__:_participate:239 - Successful! You are participating in the drawing. (300 ₽)
https://lolz.guru/threads/3688010/
2022-03-27 02:34:50.351 | SUCCESS  | __main__:_participate:239 - Successful! You are participating in the drawing. (300 ₽)
https://lolz.guru/threads/3688024/
2022-03-27 02:35:17.369 | INFO     | __main__:_main:482 - No available threads
2022-03-27 02:38:33.191 | SUCCESS  | __main__:_participate:239 - Successful! You are participating in the drawing. (300 ₽)
https://lolz.guru/threads/3688036/
2022-03-27 02:40:31.021 | ERROR    | __main__:_participate:218 - A server error occurred. Please try again later.
https://lolz.guru/threads/3688028/
2022-03-27 02:41:36.122 | ERROR    | __main__:_participate:218 - A server error occurred. Please try again later.
https://lolz.guru/threads/3688030/
2022-03-27 02:42:05.524 | INFO     | __main__:_main:482 - No available threads
2022-03-27 02:45:04.609 | SUCCESS  | __main__:_participate:239 - Successful! You are participating in the drawing. (300 ₽)
https://lolz.guru/threads/3688030/
2022-03-27 02:45:20.282 | SUCCESS  | __main__:_participate:239 - Successful! You are participating in the drawing. (300 ₽)
https://lolz.guru/threads/3688028/
2022-03-27 02:45:47.198 | INFO     | __main__:_main:482 - No available threads
2022-03-27 02:48:50.894 | SUCCESS  | __main__:_participate:239 - Successful! You are participating in the drawing. (300 ₽)
https://lolz.guru/threads/3688052/
2022-03-27 02:49:03.820 | SUCCESS  | __main__:_participate:239 - Successful! You are participating in the drawing. (350 ₽)
https://lolz.guru/threads/3688110/
2022-03-27 02:49:25.869 | INFO     | __main__:_main:482 - No available threads
2022-03-27 02:54:01.510 | INFO     | __main__:_main:482 - No available threads
2022-03-27 02:57:25.927 | INFO     | __main__:_main:482 - No available threads
2022-03-27 03:01:35.687 | SUCCESS  | __main__:_participate:239 - Successful! You are participating in the drawing. (333 ₽)
https://lolz.guru/threads/3688175/
2022-03-27 03:01:52.070 | SUCCESS  | __main__:_participate:239 - Successful! You are participating in the drawing. (303 ₽)
https://lolz.guru/threads/3688127/
2022-03-27 03:02:07.402 | SUCCESS  | __main__:_participate:239 - Successful! You are participating in the drawing. (300 ₽)
https://lolz.guru/threads/3688180/
2022-03-27 03:02:24.828 | SUCCESS  | __main__:_participate:239 - Successful! You are participating in the drawing. (300 ₽)
https://lolz.guru/threads/3688178/
2022-03-27 03:02:37.187 | SUCCESS  | __main__:_participate:239 - Successful! You are participating in the drawing. (300 ₽)
https://lolz.guru/threads/3688182/
2022-03-27 03:03:06.273 | INFO     | __main__:_main:482 - No available threads
2022-03-27 03:05:44.926 | SUCCESS  | __main__:_participate:239 - Successful! You are participating in the drawing. (500 ₽)
https://lolz.guru/threads/3688196/
2022-03-27 03:06:02.495 | SUCCESS  | __main__:_participate:239 - Successful! You are participating in the drawing. (300 ₽)
https://lolz.guru/threads/3688204/
2022-03-27 03:06:19.183 | SUCCESS  | __main__:_participate:239 - Successful! You are participating in the drawing. (303 ₽)
https://lolz.guru/threads/3688163/
2022-03-27 03:08:15.422 | ERROR    | __main__:_participate:218 - A server error occurred. Please try again later.
https://lolz.guru/threads/3688195/
2022-03-27 03:08:33.171 | SUCCESS  | __main__:_participate:239 - Successful! You are participating in the drawing. (500 ₽)
https://lolz.guru/threads/3687961/
2022-03-27 03:10:32.547 | ERROR    | __main__:_participate:218 - A server error occurred. Please try again later.
https://lolz.guru/threads/3687955/
2022-03-27 03:11:33.267 | SUCCESS  | __main__:_participate:239 - Successful! You are participating in the drawing. (500 ₽)
https://lolz.guru/threads/3687968/
2022-03-27 03:12:05.115 | INFO     | __main__:_main:482 - No available threads
2022-03-27 03:15:26.273 | SUCCESS  | __main__:_participate:239 - Successful! You are participating in the drawing. (300 ₽)
https://lolz.guru/threads/3688216/
2022-03-27 03:15:43.678 | SUCCESS  | __main__:_participate:239 - Successful! You are participating in the drawing. (333 ₽)
https://lolz.guru/threads/3688262/
2022-03-27 03:15:57.401 | SUCCESS  | __main__:_participate:239 - Successful! You are participating in the drawing. (300 ₽)
https://lolz.guru/threads/3688281/
2022-03-27 03:16:12.439 | SUCCESS  | __main__:_participate:239 - Successful! You are participating in the drawing. (300 ₽)
https://lolz.guru/threads/3688271/
2022-03-27 03:16:26.838 | SUCCESS  | __main__:_participate:239 - Successful! You are participating in the drawing. (300 ₽)
https://lolz.guru/threads/3688276/
2022-03-27 03:16:41.009 | SUCCESS  | __main__:_participate:239 - Successful! You are participating in the drawing. (500 ₽)
https://lolz.guru/threads/3687955/
2022-03-27 03:16:53.617 | SUCCESS  | __main__:_participate:239 - Successful! You are participating in the drawing. (300 ₽)
https://lolz.guru/threads/3688195/
2022-03-27 03:17:19.927 | INFO     | __main__:_main:482 - No available threads
2022-03-27 03:19:54.328 | INFO     | __main__:_main:482 - No available threads
2022-03-27 03:24:30.699 | INFO     | __main__:_main:482 - No available threads
2022-03-27 03:27:38.267 | SUCCESS  | __main__:_participate:239 - Successful! You are participating in the drawing. (300 ₽)
https://lolz.guru/threads/3688319/
2022-03-27 03:27:55.352 | SUCCESS  | __main__:_participate:239 - Successful! You are participating in the drawing. (300 ₽)
https://lolz.guru/threads/3688325/
2022-03-27 03:27:55.911 | SUCCESS  | __main__:_participate:264 - User Deluxe liked: https://lolz.guru/posts/30002732/ (7 likes left)
2022-03-27 03:28:20.062 | INFO     | __main__:_main:482 - No available threads
2022-03-27 03:31:44.402 | INFO     | __main__:_main:482 - No available threads
2022-03-27 03:34:56.757 | INFO     | __main__:_main:482 - No available threads
2022-03-27 03:38:55.126 | INFO     | __main__:_main:482 - No available threads
2022-03-27 03:42:39.481 | INFO     | __main__:_main:482 - No available threads
2022-03-27 03:46:22.074 | SUCCESS  | __main__:_participate:239 - Successful! You are participating in the drawing. (300 ₽)
https://lolz.guru/threads/3688371/
2022-03-27 03:46:22.658 | SUCCESS  | __main__:_participate:264 - User Bishoka liked: https://lolz.guru/posts/30003043/ (6 likes left)
2022-03-27 03:46:39.356 | SUCCESS  | __main__:_participate:239 - Successful! You are participating in the drawing. (300 ₽)
https://lolz.guru/threads/3688370/
2022-03-27 03:46:40.044 | SUCCESS  | __main__:_participate:264 - User behigh liked: https://lolz.guru/posts/30003037/ (5 likes left)
2022-03-27 03:46:52.838 | SUCCESS  | __main__:_participate:239 - Successful! You are participating in the drawing. (303 ₽)
https://lolz.guru/threads/3688377/
2022-03-27 03:47:05.355 | SUCCESS  | __main__:_participate:239 - Successful! You are participating in the drawing. (300 ₽)
https://lolz.guru/threads/3688369/
2022-03-27 03:47:22.177 | SUCCESS  | __main__:_participate:239 - Successful! You are participating in the drawing. (300 ₽)
https://lolz.guru/threads/3688396/
2022-03-27 03:47:37.706 | SUCCESS  | __main__:_participate:239 - Successful! You are participating in the drawing. (303 ₽)
https://lolz.guru/threads/3688398/
2022-03-27 03:47:50.069 | SUCCESS  | __main__:_participate:239 - Successful! You are participating in the drawing. (319 ₽)
https://lolz.guru/threads/3688383/
2022-03-27 03:48:08.156 | SUCCESS  | __main__:_participate:239 - Successful! You are participating in the drawing. (300 ₽)
https://lolz.guru/threads/3688332/
2022-03-27 03:48:33.115 | INFO     | __main__:_main:482 - No available threads
2022-03-27 03:51:26.429 | INFO     | __main__:_main:482 - No available threads
2022-03-27 03:56:17.818 | INFO     | __main__:_main:482 - No available threads
2022-03-27 03:59:10.507 | SUCCESS  | __main__:_participate:239 - Successful! You are participating in the drawing. (300 ₽)
https://lolz.guru/threads/3688432/
2022-03-27 03:59:33.304 | INFO     | __main__:_main:482 - No available threads
2022-03-27 04:03:45.632 | INFO     | __main__:_main:482 - No available threads
2022-03-27 04:06:41.063 | INFO     | __main__:_main:482 - No available threads
2022-03-27 04:11:06.208 | SUCCESS  | __main__:_participate:239 - Successful! You are participating in the drawing. (300 ₽)
https://lolz.guru/threads/3688464/
2022-03-27 04:11:19.548 | SUCCESS  | __main__:_participate:239 - Successful! You are participating in the drawing. (309 ₽)
https://lolz.guru/threads/3688472/
2022-03-27 04:11:33.621 | SUCCESS  | __main__:_participate:239 - Successful! You are participating in the drawing. (500 ₽)
https://lolz.guru/threads/3688455/
2022-03-27 04:11:45.945 | SUCCESS  | __main__:_participate:239 - Successful! You are participating in the drawing. (300 ₽)
https://lolz.guru/threads/3688461/
2022-03-27 04:12:02.621 | SUCCESS  | __main__:_participate:239 - Successful! You are participating in the drawing. (300 ₽)
https://lolz.guru/threads/3688445/
2022-03-27 04:12:28.122 | INFO     | __main__:_main:482 - No available threads
2022-03-27 04:17:28.718 | SUCCESS  | __main__:_participate:239 - Successful! You are participating in the drawing. (300 ₽)
https://lolz.guru/threads/3688473/
2022-03-27 04:17:46.076 | SUCCESS  | __main__:_participate:239 - Successful! You are participating in the drawing. (300 ₽ x 2)
https://lolz.guru/threads/3688475/
2022-03-27 04:18:10.826 | INFO     | __main__:_main:482 - No available threads
2022-03-27 04:22:51.272 | INFO     | __main__:_main:482 - No available threads
2022-03-27 04:25:53.658 | INFO     | __main__:_main:482 - No available threads
2022-03-27 04:28:41.253 | SUCCESS  | __main__:_participate:239 - Successful! You are participating in the drawing. (300 ₽)
https://lolz.guru/threads/3688533/
2022-03-27 04:28:55.638 | SUCCESS  | __main__:_participate:239 - Successful! You are participating in the drawing. (300 ₽)
https://lolz.guru/threads/3688515/
2022-03-27 04:29:21.487 | INFO     | __main__:_main:482 - No available threads
2022-03-27 04:32:16.085 | SUCCESS  | __main__:_participate:239 - Successful! You are participating in the drawing. (300 ₽)
https://lolz.guru/threads/3688511/
2022-03-27 04:32:28.458 | SUCCESS  | __main__:_participate:239 - Successful! You are participating in the drawing. (300 ₽)
https://lolz.guru/threads/3688496/
2022-03-27 04:32:45.800 | SUCCESS  | __main__:_participate:239 - Successful! You are participating in the drawing. (300 ₽)
https://lolz.guru/threads/3688491/
2022-03-27 04:33:02.390 | SUCCESS  | __main__:_participate:239 - Successful! You are participating in the drawing. (300 ₽)
https://lolz.guru/threads/3688484/
2022-03-27 04:33:14.739 | SUCCESS  | __main__:_participate:239 - Successful! You are participating in the drawing. (300 ₽)
https://lolz.guru/threads/3688479/
2022-03-27 04:33:31.003 | SUCCESS  | __main__:_participate:239 - Successful! You are participating in the drawing. (300 ₽)
https://lolz.guru/threads/3688535/
2022-03-27 04:33:58.017 | INFO     | __main__:_main:482 - No available threads
2022-03-27 04:38:33.629 | SUCCESS  | __main__:_participate:239 - Successful! You are participating in the drawing. (300 ₽)
https://lolz.guru/threads/3688562/
2022-03-27 04:38:46.026 | SUCCESS  | __main__:_participate:239 - Successful! You are participating in the drawing. (300 ₽)
https://lolz.guru/threads/3688543/
2022-03-27 04:39:00.365 | SUCCESS  | __main__:_participate:239 - Successful! You are participating in the drawing. (300 ₽)
https://lolz.guru/threads/3688548/
2022-03-27 04:39:12.689 | SUCCESS  | __main__:_participate:239 - Successful! You are participating in the drawing. (331 ₽)
https://lolz.guru/threads/3688547/
2022-03-27 04:39:42.482 | INFO     | __main__:_main:482 - No available threads
2022-03-27 04:43:11.282 | ERROR    | __main__:_main:746 - Parsing error
Update cookie or wait for correct server response
2022-03-27 04:43:28.063 | ERROR    | __main__:_main:746 - Parsing error
Update cookie or wait for correct server response
2022-03-27 04:43:40.957 | ERROR    | __main__:_main:746 - Parsing error
Update cookie or wait for correct server response
2022-03-27 04:43:52.678 | ERROR    | __main__:_main:746 - Parsing error
Update cookie or wait for correct server response
2022-03-27 04:44:05.563 | ERROR    | __main__:_main:746 - Parsing error
Update cookie or wait for correct server response
2022-03-27 04:44:19.424 | ERROR    | __main__:_main:746 - Parsing error
Update cookie or wait for correct server response
2022-03-27 04:44:32.213 | ERROR    | __main__:_main:746 - Parsing error
Update cookie or wait for correct server response
2022-03-27 04:44:43.949 | ERROR    | __main__:_main:746 - Parsing error
Update cookie or wait for correct server response
2022-03-27 04:44:56.892 | ERROR    | __main__:_main:746 - Parsing error
Update cookie or wait for correct server response
2022-03-27 04:45:12.622 | ERROR    | __main__:_main:746 - Parsing error
Update cookie or wait for correct server response
2022-03-27 04:45:26.471 | ERROR    | __main__:_main:746 - Parsing error
Update cookie or wait for correct server response
2022-03-27 04:45:42.294 | ERROR    | __main__:_main:746 - Parsing error
Update cookie or wait for correct server response
2022-03-27 04:45:56.102 | ERROR    | __main__:_main:746 - Parsing error
Update cookie or wait for correct server response
2022-03-27 04:46:08.935 | ERROR    | __main__:_main:746 - Parsing error
Update cookie or wait for correct server response
2022-03-27 04:46:24.970 | ERROR    | __main__:_main:746 - Parsing error
Update cookie or wait for correct server response
2022-03-27 04:46:41.720 | ERROR    | __main__:_main:746 - Parsing error
Update cookie or wait for correct server response
2022-03-27 04:46:57.074 | INFO     | __main__:_main:482 - No available threads
2022-03-27 04:50:43.432 | INFO     | __main__:_main:482 - No available threads
2022-03-27 04:54:26.024 | SUCCESS  | __main__:_participate:239 - Successful! You are participating in the drawing. (300 ₽)
https://lolz.guru/threads/3688590/
2022-03-27 04:54:51.811 | INFO     | __main__:_main:482 - No available threads
2022-03-27 04:58:25.525 | INFO     | __main__:_main:482 - No available threads
2022-03-27 05:00:58.882 | INFO     | __main__:_main:482 - No available threads
2022-03-27 05:03:34.805 | SUCCESS  | __main__:_participate:239 - Successful! You are participating in the drawing. (333 ₽)
https://lolz.guru/threads/3688619/
2022-03-27 05:04:03.611 | INFO     | __main__:_main:482 - No available threads
2022-03-27 05:08:26.587 | SUCCESS  | __main__:_participate:239 - Successful! You are participating in the drawing. (300 ₽)
https://lolz.guru/threads/3688627/
2022-03-27 05:08:39.814 | ERROR    | __main__:_main:746 - Parsing error
Update cookie or wait for correct server response
2022-03-27 05:08:55.775 | INFO     | __main__:_main:482 - No available threads
2022-03-27 05:13:39.216 | INFO     | __main__:_main:482 - No available threads
2022-03-27 05:16:38.759 | INFO     | __main__:_main:482 - No available threads
2022-03-27 05:19:41.184 | INFO     | __main__:_main:482 - No available threads
2022-03-27 05:22:26.625 | SUCCESS  | __main__:_participate:239 - Successful! You are participating in the drawing. (500 ₽)
https://lolz.guru/threads/3688656/
2022-03-27 05:22:39.535 | ERROR    | __main__:_participate:218 - You did not complete the CAPTCHA verification properly. Please try again.
https://lolz.guru/threads/3688641/
2022-03-27 05:22:40.205 | ERROR    | __main__:_main:612 - Invalid answer for сколько розыгрышей я создал за всё время? (в профиле) (1)
в профиле
2022-03-27 05:23:04.226 | INFO     | __main__:_main:482 - No available threads
2022-03-27 05:25:40.089 | SUCCESS  | __main__:_participate:239 - Successful! You are participating in the drawing. (551 ₽)
https://lolz.guru/threads/3688660/
2022-03-27 05:25:55.496 | SUCCESS  | __main__:_participate:239 - Successful! You are participating in the drawing. (300 ₽)
https://lolz.guru/threads/3688641/
2022-03-27 05:26:21.306 | INFO     | __main__:_main:482 - No available threads
2022-03-27 05:30:50.199 | SUCCESS  | __main__:_participate:239 - Successful! You are participating in the drawing. (500 ₽)
https://lolz.guru/threads/3688678/
2022-03-27 05:31:15.018 | INFO     | __main__:_main:482 - No available threads
2022-03-27 05:35:04.141 | INFO     | __main__:_main:482 - No available threads
2022-03-27 05:39:21.523 | INFO     | __main__:_main:482 - No available threads
2022-03-27 05:42:24.706 | INFO     | __main__:_main:482 - No available threads
2022-03-27 05:47:17.056 | INFO     | __main__:_main:482 - No available threads
2022-03-27 05:51:00.632 | INFO     | __main__:_main:482 - No available threads
2022-03-27 05:54:26.978 | INFO     | __main__:_main:482 - No available threads
2022-03-27 05:59:04.522 | INFO     | __main__:_main:482 - No available threads
2022-03-27 06:03:16.081 | INFO     | __main__:_main:482 - No available threads
2022-03-27 06:08:58.317 | ERROR    | __main__:_main:734 - Network error
Maybe your IP was blocked
2022-03-27 06:09:22.805 | SUCCESS  | __main__:_participate:239 - Successful! You are participating in the drawing. (300 ₽)
https://lolz.guru/threads/3688698/
2022-03-27 06:09:38.120 | SUCCESS  | __main__:_participate:239 - Successful! You are participating in the drawing. (300 ₽)
https://lolz.guru/threads/3688701/
2022-03-27 06:09:53.468 | SUCCESS  | __main__:_participate:239 - Successful! You are participating in the drawing. (500 ₽)
https://lolz.guru/threads/3688699/
2022-03-27 06:10:05.861 | SUCCESS  | __main__:_participate:239 - Successful! You are participating in the drawing. (300 ₽)
https://lolz.guru/threads/3688723/
2022-03-27 06:10:32.774 | INFO     | __main__:_main:482 - No available threads
2022-03-27 06:14:40.742 | SUCCESS  | __main__:_participate:239 - Successful! You are participating in the drawing. (300 ₽)
https://lolz.guru/threads/3688759/
2022-03-27 06:14:57.065 | SUCCESS  | __main__:_participate:239 - Successful! You are participating in the drawing. (300 ₽)
https://lolz.guru/threads/3688765/
2022-03-27 06:15:22.855 | INFO     | __main__:_main:482 - No available threads
2022-03-27 06:19:58.922 | INFO     | __main__:_main:482 - No available threads
2022-03-27 06:24:32.316 | INFO     | __main__:_main:482 - No available threads
2022-03-27 06:28:14.067 | SUCCESS  | __main__:_participate:239 - Successful! You are participating in the drawing. (500 ₽)
https://lolz.guru/threads/3688770/
2022-03-27 06:28:29.001 | SUCCESS  | __main__:_participate:239 - Successful! You are participating in the drawing. (300 ₽)
https://lolz.guru/threads/3688800/
2022-03-27 06:28:44.309 | SUCCESS  | __main__:_participate:239 - Successful! You are participating in the drawing. (300 ₽)
https://lolz.guru/threads/3688769/
2022-03-27 06:28:59.645 | SUCCESS  | __main__:_participate:239 - Successful! You are participating in the drawing. (300 ₽)
https://lolz.guru/threads/3688775/
2022-03-27 06:29:14.580 | SUCCESS  | __main__:_participate:239 - Successful! You are participating in the drawing. (333 ₽)
https://lolz.guru/threads/3688780/
2022-03-27 06:29:28.121 | SUCCESS  | __main__:_participate:239 - Successful! You are participating in the drawing. (300 ₽)
https://lolz.guru/threads/3688782/
2022-03-27 06:29:44.633 | SUCCESS  | __main__:_participate:239 - Successful! You are participating in the drawing. (300 ₽)
https://lolz.guru/threads/3688784/
2022-03-27 06:29:57.197 | SUCCESS  | __main__:_participate:239 - Successful! You are participating in the drawing. (300 ₽)
https://lolz.guru/threads/3688785/
2022-03-27 06:30:12.737 | SUCCESS  | __main__:_participate:239 - Successful! You are participating in the drawing. (300 ₽)
https://lolz.guru/threads/3688796/
2022-03-27 06:30:52.154 | INFO     | __main__:_main:482 - No available threads
2022-03-27 06:34:18.479 | SUCCESS  | __main__:_participate:239 - Successful! You are participating in the drawing. (333 ₽)
https://lolz.guru/threads/3688824/
2022-03-27 06:34:34.841 | SUCCESS  | __main__:_participate:239 - Successful! You are participating in the drawing. (300 ₽)
https://lolz.guru/threads/3688821/
2022-03-27 06:35:00.626 | INFO     | __main__:_main:482 - No available threads
2022-03-27 06:38:54.462 | INFO     | __main__:_main:482 - No available threads
2022-03-27 06:42:43.791 | INFO     | __main__:_main:482 - No available threads
2022-03-27 06:46:45.511 | INFO     | __main__:_main:482 - No available threads
2022-03-27 06:50:54.069 | INFO     | __main__:_main:482 - No available threads
2022-03-27 06:55:03.572 | INFO     | __main__:_main:482 - No available threads
2022-03-27 06:58:46.212 | INFO     | __main__:_main:482 - No available threads
2022-03-27 07:03:46.731 | SUCCESS  | __main__:_participate:239 - Successful! You are participating in the drawing. (500 ₽)
https://lolz.guru/threads/3688760/
2022-03-27 07:04:13.515 | INFO     | __main__:_main:482 - No available threads
2022-03-27 07:07:11.166 | SUCCESS  | __main__:_participate:239 - Successful! You are participating in the drawing. (300 ₽ x 2)
https://lolz.guru/threads/3688873/
2022-03-27 07:07:41.550 | INFO     | __main__:_main:482 - No available threads
2022-03-27 07:12:05.922 | INFO     | __main__:_main:482 - No available threads
2022-03-27 07:16:20.255 | INFO     | __main__:_main:482 - No available threads
2022-03-27 07:20:38.920 | SUCCESS  | __main__:_participate:239 - Successful! You are participating in the drawing. (500 ₽)
https://lolz.guru/threads/3688883/
2022-03-27 07:21:03.691 | INFO     | __main__:_main:482 - No available threads
2022-03-27 07:24:51.126 | INFO     | __main__:_main:482 - No available threads
2022-03-27 07:29:20.545 | INFO     | __main__:_main:482 - No available threads
2022-03-27 07:33:41.930 | INFO     | __main__:_main:482 - No available threads
2022-03-27 07:38:42.313 | INFO     | __main__:_main:482 - No available threads
2022-03-27 07:41:14.139 | INFO     | __main__:_main:482 - No available threads
2022-03-27 07:45:37.479 | INFO     | __main__:_main:482 - No available threads
2022-03-27 07:50:09.896 | INFO     | __main__:_main:482 - No available threads
2022-03-27 07:52:43.260 | INFO     | __main__:_main:482 - No available threads
2022-03-27 07:55:40.783 | SUCCESS  | __main__:_participate:239 - Successful! You are participating in the drawing. (500 ₽)
https://lolz.guru/threads/3688884/
2022-03-27 07:56:02.519 | INFO     | __main__:_main:482 - No available threads
2022-03-27 07:59:24.845 | INFO     | __main__:_main:482 - No available threads
2022-03-27 08:01:56.209 | INFO     | __main__:_main:482 - No available threads
2022-03-27 08:06:47.289 | INFO     | __main__:_main:482 - No available threads
2022-03-27 08:10:53.640 | INFO     | __main__:_main:482 - No available threads
2022-03-27 08:14:55.814 | INFO     | __main__:_main:482 - No available threads
2022-03-27 08:19:19.189 | INFO     | __main__:_main:482 - No available threads
2022-03-27 08:24:04.290 | INFO     | __main__:_main:482 - No available threads
2022-03-27 08:27:49.666 | INFO     | __main__:_main:482 - No available threads
2022-03-27 08:31:03.764 | INFO     | __main__:_main:482 - No available threads
2022-03-27 08:35:00.274 | INFO     | __main__:_main:482 - No available threads
2022-03-27 08:39:57.478 | INFO     | __main__:_main:482 - No available threads
2022-03-27 08:42:27.827 | INFO     | __main__:_main:482 - No available threads
2022-03-27 08:45:48.899 | INFO     | __main__:_main:482 - No available threads
2022-03-27 08:49:56.330 | INFO     | __main__:_main:482 - No available threads
2022-03-27 08:53:58.446 | INFO     | __main__:_main:482 - No available threads
2022-03-27 08:57:42.801 | INFO     | __main__:_main:482 - No available threads
2022-03-27 09:01:49.094 | INFO     | __main__:_main:482 - No available threads
2022-03-27 09:04:19.432 | INFO     | __main__:_main:482 - No available threads
2022-03-27 09:08:36.491 | INFO     | __main__:_main:482 - No available threads
2022-03-27 09:13:00.868 | INFO     | __main__:_main:482 - No available threads
2022-03-27 09:15:42.082 | INFO     | __main__:_main:482 - No available threads
2022-03-27 09:18:26.494 | INFO     | __main__:_main:482 - No available threads
2022-03-27 09:22:06.574 | INFO     | __main__:_main:482 - No available threads
2022-03-27 09:24:38.917 | INFO     | __main__:_main:482 - No available threads
2022-03-27 09:29:18.091 | INFO     | __main__:_main:482 - No available threads
2022-03-27 09:33:15.446 | INFO     | __main__:_main:482 - No available threads
2022-03-27 09:36:45.517 | INFO     | __main__:_main:482 - No available threads
2022-03-27 09:40:11.973 | INFO     | __main__:_main:482 - No available threads
2022-03-27 09:44:57.154 | INFO     | __main__:_main:482 - No available threads
2022-03-27 09:49:05.505 | INFO     | __main__:_main:482 - No available threads
2022-03-27 09:51:51.591 | INFO     | __main__:_main:482 - No available threads
2022-03-27 09:56:30.934 | INFO     | __main__:_main:482 - No available threads
2022-03-27 10:01:06.065 | INFO     | __main__:_main:482 - No available threads
2022-03-27 10:03:40.421 | INFO     | __main__:_main:482 - No available threads
2022-03-27 10:07:47.803 | INFO     | __main__:_main:482 - No available threads
2022-03-27 10:12:10.157 | INFO     | __main__:_main:482 - No available threads
2022-03-27 10:15:25.244 | INFO     | __main__:_main:482 - No available threads
2022-03-27 10:19:03.578 | INFO     | __main__:_main:482 - No available threads
2022-03-27 10:22:25.665 | INFO     | __main__:_main:482 - No available threads
2022-03-27 10:27:08.017 | INFO     | __main__:_main:482 - No available threads
2022-03-27 10:31:37.374 | INFO     | __main__:_main:482 - No available threads
2022-03-27 10:36:24.734 | INFO     | __main__:_main:482 - No available threads
2022-03-27 10:39:53.779 | INFO     | __main__:_main:482 - No available threads
2022-03-27 10:44:17.124 | INFO     | __main__:_main:482 - No available threads
2022-03-27 10:47:49.236 | INFO     | __main__:_main:482 - No available threads
2022-03-27 10:51:43.580 | INFO     | __main__:_main:482 - No available threads
2022-03-27 10:54:34.674 | INFO     | __main__:_main:482 - No available threads
2022-03-27 10:58:55.061 | INFO     | __main__:_main:482 - No available threads
2022-03-27 11:03:38.172 | INFO     | __main__:_main:482 - No available threads
2022-03-27 11:07:19.518 | INFO     | __main__:_main:482 - No available threads
2022-03-27 11:11:45.563 | INFO     | __main__:_main:482 - No available threads
2022-03-27 11:14:35.937 | INFO     | __main__:_main:482 - No available threads
2022-03-27 11:17:12.066 | INFO     | __main__:_main:482 - No available threads
2022-03-27 11:21:06.415 | INFO     | __main__:_main:482 - No available threads
2022-03-27 11:25:32.761 | INFO     | __main__:_main:482 - No available threads
2022-03-27 11:29:44.107 | INFO     | __main__:_main:482 - No available threads
2022-03-27 11:34:15.168 | INFO     | __main__:_main:482 - No available threads
2022-03-27 11:38:14.524 | INFO     | __main__:_main:482 - No available threads
2022-03-27 11:40:57.674 | INFO     | __main__:_main:482 - No available threads
2022-03-27 11:44:45.032 | INFO     | __main__:_main:482 - No available threads
2022-03-27 11:48:31.141 | INFO     | __main__:_main:482 - No available threads
2022-03-27 11:52:26.483 | INFO     | __main__:_main:482 - No available threads
2022-03-27 11:57:11.722 | INFO     | __main__:_main:482 - No available threads
2022-03-27 11:59:57.048 | INFO     | __main__:_main:482 - No available threads
2022-03-27 12:04:20.202 | INFO     | __main__:_main:482 - No available threads
2022-03-27 12:08:19.558 | INFO     | __main__:_main:482 - No available threads
2022-03-27 12:12:15.741 | INFO     | __main__:_main:482 - No available threads
2022-03-27 12:14:53.078 | INFO     | __main__:_main:482 - No available threads
2022-03-27 12:18:35.137 | INFO     | __main__:_main:482 - No available threads
